Temp/gradleOut/launcher/build/intermediates/manifest_merge_blame_file/release/manifest-merger-blame-release-report.txt
1<?xml version="1.0" encoding="utf-8"?>
2<!-- GENERATED BY UNITY. REMOVE THIS COMMENT TO PREVENT OVERWRITING WHEN EXPORTING AGAIN -->
3<manifest xmlns:android="http://schemas.android.com/apk/res/android"
4    package="com.aie.cloudanchorstest"
5    android:installLocation="preferExternal"
6    android:versionCode="1"
7    android:versionName="0.1" >
8
9    <uses-sdk
10        android:minSdkVersion="24"
10-->src/main/AndroidManifest.xml
11        android:targetSdkVersion="30" />
11-->src/main/AndroidManifest.xml
12
13    <supports-screens
13-->src/main/AndroidManifest.xml:4:3-163
14        android:anyDensity="true"
14-->src/main/AndroidManifest.xml:4:135-160
15        android:largeScreens="true"
15-->src/main/AndroidManifest.xml:4:78-105
16        android:normalScreens="true"
16-->src/main/AndroidManifest.xml:4:49-77
17        android:smallScreens="true"
17-->src/main/AndroidManifest.xml:4:21-48
18        android:xlargeScreens="true" />
18-->src/main/AndroidManifest.xml:4:106-134
19
20    <uses-feature android:glEsVersion="0x00030000" />
20-->[:unityLibrary] AndroidManifest.xml:10:5-54
20-->[:unityLibrary] AndroidManifest.xml:10:19-51
21
22    <uses-permission android:name="android.permission.INTERNET" />
22-->[:unityLibrary] AndroidManifest.xml:12:5-67
22-->[:unityLibrary] AndroidManifest.xml:12:22-64
23
24    <uses-feature
24-->[:unityLibrary] AndroidManifest.xml:14:5-16:36
25        android:name="android.hardware.touchscreen"
25-->[:unityLibrary] AndroidManifest.xml:15:9-52
26        android:required="false" />
26-->[:unityLibrary] AndroidManifest.xml:16:9-33
27    <uses-feature
27-->[:unityLibrary] AndroidManifest.xml:17:5-19:36
28        android:name="android.hardware.touchscreen.multitouch"
28-->[:unityLibrary] AndroidManifest.xml:18:9-63
29        android:required="false" />
29-->[:unityLibrary] AndroidManifest.xml:19:9-33
30    <uses-feature
30-->[:unityLibrary] AndroidManifest.xml:20:5-22:36
31        android:name="android.hardware.touchscreen.multitouch.distinct"
31-->[:unityLibrary] AndroidManifest.xml:21:9-72
32        android:required="false" />
32-->[:unityLibrary] AndroidManifest.xml:22:9-33
33
34    <uses-permission android:name="android.permission.CAMERA" />
34-->[:unityLibrary] AndroidManifest.xml:24:5-65
34-->[:unityLibrary] AndroidManifest.xml:24:22-62
35
36    <uses-feature
36-->[:unityLibrary] AndroidManifest.xml:26:5-28:35
37        android:name="android.hardware.camera.ar"
37-->[:unityLibrary] AndroidManifest.xml:27:9-50
38        android:required="true" />
38-->[:unityLibrary] AndroidManifest.xml:28:9-32
39    <uses-feature
39-->[:unityLibrary] AndroidManifest.xml:29:5-31:35
40        android:name="com.google.ar.core.depth"
40-->[:unityLibrary] AndroidManifest.xml:30:9-48
41        android:required="true" />
41-->[:unityLibrary] AndroidManifest.xml:31:9-32
42
43    <queries>
43-->[:arcore_client:] AndroidManifest.xml:29:5-31:15
44        <package android:name="com.google.ar.core" />
44-->[:arcore_client:] AndroidManifest.xml:30:9-54
44-->[:arcore_client:] AndroidManifest.xml:30:18-51
45    </queries>
46
47    <application
47-->src/main/AndroidManifest.xml:5:3-83
48        android:appComponentFactory="androidx.core.app.CoreComponentFactory"
48-->[androidx.core:core:1.0.0] AndroidManifest.xml:22:18-86
49        android:extractNativeLibs="false"
50        android:icon="@mipmap/app_icon"
50-->src/main/AndroidManifest.xml:5:49-80
51        android:label="@string/app_name" >
51-->src/main/AndroidManifest.xml:5:16-48
52        <activity
52-->[:unityLibrary] AndroidManifest.xml:34:9-53:20
53            android:name="com.unity3d.player.UnityPlayerActivity"
53-->[:unityLibrary] AndroidManifest.xml:35:13-66
54            android:configChanges="mcc|mnc|locale|touchscreen|keyboard|keyboardHidden|navigation|orientation|screenLayout|uiMode|screenSize|smallestScreenSize|fontScale|layoutDirection|density"
54-->[:unityLibrary] AndroidManifest.xml:36:13-194
55            android:hardwareAccelerated="false"
55-->[:unityLibrary] AndroidManifest.xml:37:13-48
56            android:launchMode="singleTask"
56-->[:unityLibrary] AndroidManifest.xml:38:13-44
57            android:screenOrientation="fullSensor"
57-->[:unityLibrary] AndroidManifest.xml:39:13-51
58            android:theme="@style/UnityThemeSelector" >
58-->[:unityLibrary] AndroidManifest.xml:40:13-54
59            <intent-filter>
59-->[:unityLibrary] AndroidManifest.xml:41:13-45:29
60                <action android:name="android.intent.action.MAIN" />
60-->[:unityLibrary] AndroidManifest.xml:42:17-69
60-->[:unityLibrary] AndroidManifest.xml:42:25-66
61
62                <category android:name="android.intent.category.LAUNCHER" />
62-->[:unityLibrary] AndroidManifest.xml:44:17-77
62-->[:unityLibrary] AndroidManifest.xml:44:27-74
63            </intent-filter>
64
65            <meta-data
65-->[:unityLibrary] AndroidManifest.xml:47:13-49:40
66                android:name="unityplayer.UnityActivity"
66-->[:unityLibrary] AndroidManifest.xml:48:17-57
67                android:value="true" />
67-->[:unityLibrary] AndroidManifest.xml:49:17-37
68            <meta-data
68-->[:unityLibrary] AndroidManifest.xml:50:13-52:40
69                android:name="android.notch_support"
69-->[:unityLibrary] AndroidManifest.xml:51:17-53
70                android:value="true" />
70-->[:unityLibrary] AndroidManifest.xml:52:17-37
71        </activity>
72
73        <meta-data
73-->[:unityLibrary] AndroidManifest.xml:55:9-57:33
74            android:name="unity.splash-mode"
74-->[:unityLibrary] AndroidManifest.xml:56:13-45
75            android:value="0" />
75-->[:unityLibrary] AndroidManifest.xml:57:13-30
76        <meta-data
76-->[:unityLibrary] AndroidManifest.xml:58:9-60:36
77            android:name="unity.splash-enable"
77-->[:unityLibrary] AndroidManifest.xml:59:13-47
78            android:value="True" />
78-->[:unityLibrary] AndroidManifest.xml:60:13-33
79        <meta-data
79-->[:unityLibrary] AndroidManifest.xml:61:9-63:50
80            android:name="notch.config"
80-->[:unityLibrary] AndroidManifest.xml:62:13-40
81            android:value="portrait|landscape" />
81-->[:unityLibrary] AndroidManifest.xml:63:13-47
82        <meta-data
82-->[:unityLibrary] AndroidManifest.xml:64:9-66:68
83            android:name="unity.build-id"
83-->[:unityLibrary] AndroidManifest.xml:65:13-42
84            android:value="6e07338b-7842-4c9c-98d4-ce0c895eafa3" />
84-->[:unityLibrary] AndroidManifest.xml:66:13-65
85        <meta-data
85-->[:unityLibrary] AndroidManifest.xml:67:9-69:36
86            android:name="unityplayer.SkipPermissionsDialog"
86-->[:unityLibrary] AndroidManifest.xml:68:13-61
87            android:value="true" />
87-->[:unityLibrary] AndroidManifest.xml:69:13-33
88        <meta-data
88-->[:unityLibrary] AndroidManifest.xml:70:9-72:40
89            android:name="com.google.ar.core"
89-->[:unityLibrary] AndroidManifest.xml:71:13-46
90            android:value="required" /> <!-- The minimal version code of ARCore APK required for an app using this SDK. -->
90-->[:unityLibrary] AndroidManifest.xml:72:13-37
91        <meta-data
91-->[:arcore_client:] AndroidManifest.xml:36:9-38:41
92            android:name="com.google.ar.core.min_apk_version"
92-->[:arcore_client:] AndroidManifest.xml:37:13-62
93            android:value="222580000" /> <!-- This activity is critical for installing ARCore when it is not already present. -->
93-->[:arcore_client:] AndroidManifest.xml:38:13-38
94        <activity
94-->[:arcore_client:] AndroidManifest.xml:40:9-46:80
95            android:name="com.google.ar.core.InstallActivity"
95-->[:arcore_client:] AndroidManifest.xml:41:13-62
96            android:configChanges="keyboardHidden|orientation|screenSize"
96-->[:arcore_client:] AndroidManifest.xml:42:13-74
97            android:excludeFromRecents="true"
97-->[:arcore_client:] AndroidManifest.xml:43:13-46
98            android:exported="false"
98-->[:arcore_client:] AndroidManifest.xml:44:13-37
99            android:launchMode="singleTop"
99-->[:arcore_client:] AndroidManifest.xml:45:13-43
100            android:theme="@android:style/Theme.Material.Light.Dialog.Alert" />
100-->[:arcore_client:] AndroidManifest.xml:46:13-77
101        <activity
101-->[com.google.android.gms:play-services-base:16.0.1] AndroidManifest.xml:23:9-26:75
102            android:name="com.google.android.gms.common.api.GoogleApiActivity"
102-->[com.google.android.gms:play-services-base:16.0.1] AndroidManifest.xml:24:13-79
103            android:exported="false"
103-->[com.google.android.gms:play-services-base:16.0.1] AndroidManifest.xml:25:13-37
104            android:theme="@android:style/Theme.Translucent.NoTitleBar" />
104-->[com.google.android.gms:play-services-base:16.0.1] AndroidManifest.xml:26:13-72
105
106        <meta-data
106-->[com.google.android.gms:play-services-basement:16.0.1] AndroidManifest.xml:23:9-25:69
107            android:name="com.google.android.gms.version"
107-->[com.google.android.gms:play-services-basement:16.0.1] AndroidManifest.xml:24:13-58
108            android:value="@integer/google_play_services_version" />
108-->[com.google.android.gms:play-services-basement:16.0.1] AndroidManifest.xml:25:13-66
109    </application>
110
111</manifest>